[debug] [2017-10-05T10:15:40.379Z] ----------------------------------------------------------------------
[debug] [2017-10-05T10:15:40.382Z] Command:       /usr/local/bin/node /usr/local/bin/firebase serve
[debug] [2017-10-05T10:15:40.382Z] CLI Version:   3.12.0
[debug] [2017-10-05T10:15:40.382Z] Platform:      darwin
[debug] [2017-10-05T10:15:40.382Z] Node Version:  v8.2.1
[debug] [2017-10-05T10:15:40.383Z] Time:          Thu Oct 05 2017 17:15:40 GMT+0700 (ICT)
[debug] [2017-10-05T10:15:40.383Z] ----------------------------------------------------------------------
[debug] 
[debug] [2017-10-05T10:15:40.400Z] > command requires scopes: ["email","openid","https://www.googleapis.com/auth/cloudplatformprojects.readonly","https://www.googleapis.com/auth/firebase","https://www.googleapis.com/auth/cloud-platform"]
[debug] [2017-10-05T10:15:40.400Z] > authorizing via signed-in user
[debug] [2017-10-05T10:15:40.402Z] >>> HTTP REQUEST GET https://admin.firebase.com/v1/projects/pwa-example-750d8  
 Thu Oct 05 2017 17:15:40 GMT+0700 (ICT)
[debug] [2017-10-05T10:15:41.615Z] <<< HTTP RESPONSE 200
[debug] [2017-10-05T10:15:41.619Z] >>> HTTP REQUEST GET https://admin.firebase.com/v1/database/pwa-example-750d8/tokens  
 Thu Oct 05 2017 17:15:41 GMT+0700 (ICT)
[debug] [2017-10-05T10:15:42.521Z] <<< HTTP RESPONSE 200
[info] 
[info] === Serving from '/Users/kunapot/workspace/react-pwa-example'...
[info] 
[debug] [2017-10-05T10:15:42.526Z] >>> HTTP REQUEST GET https://cloudresourcemanager.googleapis.com/v1/projects/pwa-example-750d8  
 Thu Oct 05 2017 17:15:42 GMT+0700 (ICT)
[debug] [2017-10-05T10:15:43.923Z] <<< HTTP RESPONSE 200
[debug] [2017-10-05T10:15:43.923Z] >>> HTTP REQUEST GET https://mobilesdk-pa.googleapis.com/v1/projects/833438704822/clients/_:getWebAppConfig  
 Thu Oct 05 2017 17:15:43 GMT+0700 (ICT)
[debug] [2017-10-05T10:15:44.741Z] <<< HTTP RESPONSE 200
[info] i  hosting: Serving hosting files from: public
[info] ✔  hosting: Local server: http://localhost:5000

